# JRE version: Java(TM) SE Runtime Environment (8.0_131-b11) (build 1.8.0_131-b11)
# Java VM: Java HotSpot(TM) 64-Bit Server VM (25.131-b11 mixed mode windows-amd64 compressed oops)
Heap:
 PSYoungGen      total 162304K, used 11583K [0x00000000e0000000, 0x00000000eb780000, 0x0000000100000000)
  eden space 147456K, 7% used [0x00000000e0000000,0x00000000e0b4ff60,0x00000000e9000000)
  from space 14848K, 0% used [0x00000000e9a80000,0x00000000e9a80000,0x00000000ea900000)
  to   space 11776K, 0% used [0x00000000eac00000,0x00000000eac00000,0x00000000eb780000)
 ParOldGen       total 82944K, used 33051K [0x00000000a0000000, 0x00000000a5100000, 0x00000000e0000000)
  object space 82944K, 39% used [0x00000000a0000000,0x00000000a2046ef0,0x00000000a5100000)
 Metaspace       used 55616K, capacity 57384K, committed 57472K, reserved 1099776K
  class space    used 7850K, capacity 8273K, committed 8320K, reserved 1048576K
GC Heap History (10 events):
Event: 11.137 GC heap before
{Heap before GC invocations=10 (full 1):
 PSYoungGen      total 124928K, used 59471K [0x00000000e0000000, 0x00000000e8680000, 0x0000000100000000)
  eden space 113664K, 44% used [0x00000000e0000000,0x00000000e319d310,0x00000000e6f00000)
  from space 11264K, 76% used [0x00000000e7a80000,0x00000000e82f6c00,0x00000000e8580000)
  to   space 11776K, 0% used [0x00000000e6f00000,0x00000000e6f00000,0x00000000e7a80000)
 ParOldGen       total 55808K, used 9205K [0x00000000a0000000, 0x00000000a3680000, 0x00000000e0000000)
  object space 55808K, 16% used [0x00000000a0000000,0x00000000a08fd598,0x00000000a3680000)
 Metaspace       used 34459K, capacity 35296K, committed 35416K, reserved 1079296K
  class space    used 4837K, capacity 5059K, committed 5120K, reserved 1048576K
Event: 11.148 GC heap after
Heap after GC invocations=10 (full 1):
 PSYoungGen      total 125440K, used 9142K [0x00000000e0000000, 0x00000000eb780000, 0x0000000100000000)
  eden space 113664K, 0% used [0x00000000e0000000,0x00000000e0000000,0x00000000e6f00000)
  from space 11776K, 77% used [0x00000000e6f00000,0x00000000e77ed948,0x00000000e7a80000)
  to   space 11776K, 0% used [0x00000000eac00000,0x00000000eac00000,0x00000000eb780000)
 ParOldGen       total 55808K, used 9213K [0x00000000a0000000, 0x00000000a3680000, 0x00000000e0000000)
  object space 55808K, 16% used [0x00000000a0000000,0x00000000a08ff598,0x00000000a3680000)
 Metaspace       used 34459K, capacity 35296K, committed 35416K, reserved 1079296K
  class space    used 4837K, capacity 5059K, committed 5120K, reserved 1048576K
}
Event: 11.148 GC heap before
{Heap before GC invocations=11 (full 2):
 PSYoungGen      total 125440K, used 9142K [0x00000000e0000000, 0x00000000eb780000, 0x0000000100000000)
  eden space 113664K, 0% used [0x00000000e0000000,0x00000000e0000000,0x00000000e6f00000)
  from space 11776K, 77% used [0x00000000e6f00000,0x00000000e77ed948,0x00000000e7a80000)
  to   space 11776K, 0% used [0x00000000eac00000,0x00000000eac00000,0x00000000eb780000)
 ParOldGen       total 55808K, used 9213K [0x00000000a0000000, 0x00000000a3680000, 0x00000000e0000000)
  object space 55808K, 16% used [0x00000000a0000000,0x00000000a08ff598,0x00000000a3680000)
 Metaspace       used 34459K, capacity 35296K, committed 35416K, reserved 1079296K
  class space    used 4837K, capacity 5059K, committed 5120K, reserved 1048576K
Event: 11.209 GC heap after
Heap after GC invocations=11 (full 2):
 PSYoungGen      total 125440K, used 0K [0x00000000e0000000, 0x00000000eb780000, 0x0000000100000000)
  eden space 113664K, 0% used [0x00000000e0000000,0x00000000e0000000,0x00000000e6f00000)
  from space 11776K, 0% used [0x00000000e6f00000,0x00000000e6f00000,0x00000000e7a80000)
  to   space 11776K, 0% used [0x00000000eac00000,0x00000000eac00000,0x00000000eb780000)
 ParOldGen       total 82944K, used 15995K [0x00000000a0000000, 0x00000000a5100000, 0x00000000e0000000)
  object space 82944K, 19% used [0x00000000a0000000,0x00000000a0f9ed48,0x00000000a5100000)
 Metaspace       used 34434K, capacity 35212K, committed 35416K, reserved 1079296K
  class space    used 4829K, capacity 5045K, committed 5120K, reserved 1048576K
}
Event: 13.372 GC heap before
{Heap before GC invocations=12 (full 2):
 PSYoungGen      total 125440K, used 113664K [0x00000000e0000000, 0x00000000eb780000, 0x0000000100000000)
  eden space 113664K, 100% used [0x00000000e0000000,0x00000000e6f00000,0x00000000e6f00000)
  from space 11776K, 0% used [0x00000000e6f00000,0x00000000e6f00000,0x00000000e7a80000)
  to   space 11776K, 0% used [0x00000000eac00000,0x00000000eac00000,0x00000000eb780000)
 ParOldGen       total 82944K, used 15995K [0x00000000a0000000, 0x00000000a5100000, 0x00000000e0000000)
  object space 82944K, 19% used [0x00000000a0000000,0x00000000a0f9ed48,0x00000000a5100000)
 Metaspace       used 45220K, capacity 46400K, committed 46464K, reserved 1089536K
  class space    used 6223K, capacity 6524K, committed 6528K, reserved 1048576K
Event: 13.388 GC heap after
Heap after GC invocations=12 (full 2):
 PSYoungGen      total 159232K, used 11766K [0x00000000e0000000, 0x00000000eb780000, 0x0000000100000000)
  eden space 147456K, 0% used [0x00000000e0000000,0x00000000e0000000,0x00000000e9000000)
  from space 11776K, 99% used [0x00000000eac00000,0x00000000eb77d850,0x00000000eb780000)
  to   space 14848K, 0% used [0x00000000e9a80000,0x00000000e9a80000,0x00000000ea900000)
 ParOldGen       total 82944K, used 20491K [0x00000000a0000000, 0x00000000a5100000, 0x00000000e0000000)
  object space 82944K, 24% used [0x00000000a0000000,0x00000000a1402d60,0x00000000a5100000)
 Metaspace       used 45220K, capacity 46400K, committed 46464K, reserved 1089536K
  class space    used 6223K, capacity 6524K, committed 6528K, reserved 1048576K
}
Event: 16.190 GC heap before
{Heap before GC invocations=13 (full 2):
 PSYoungGen      total 159232K, used 125861K [0x00000000e0000000, 0x00000000eb780000, 0x0000000100000000)
  eden space 147456K, 77% used [0x00000000e0000000,0x00000000e6f6bc88,0x00000000e9000000)
  from space 11776K, 99% used [0x00000000eac00000,0x00000000eb77d850,0x00000000eb780000)
  to   space 14848K, 0% used [0x00000000e9a80000,0x00000000e9a80000,0x00000000ea900000)
 ParOldGen       total 82944K, used 20491K [0x00000000a0000000, 0x00000000a5100000, 0x00000000e0000000)
  object space 82944K, 24% used [0x00000000a0000000,0x00000000a1402d60,0x00000000a5100000)
 Metaspace       used 55076K, capacity 56732K, committed 56832K, reserved 1101824K
  class space    used 7755K, capacity 8155K, committed 8192K, reserved 1048576K
Event: 16.209 GC heap after
Heap after GC invocations=13 (full 2):
 PSYoungGen      total 162304K, used 12853K [0x00000000e0000000, 0x00000000eb780000, 0x0000000100000000)
  eden space 147456K, 0% used [0x00000000e0000000,0x00000000e0000000,0x00000000e9000000)
  from space 14848K, 86% used [0x00000000e9a80000,0x00000000ea70d6b8,0x00000000ea900000)
  to   space 11776K, 0% used [0x00000000eac00000,0x00000000eac00000,0x00000000eb780000)
 ParOldGen       total 82944K, used 27547K [0x00000000a0000000, 0x00000000a5100000, 0x00000000e0000000)
  object space 82944K, 33% used [0x00000000a0000000,0x00000000a1ae6d98,0x00000000a5100000)
 Metaspace       used 55076K, capacity 56732K, committed 56832K, reserved 1101824K
  class space    used 7755K, capacity 8155K, committed 8192K, reserved 1048576K
}
Event: 16.209 GC heap before
{Heap before GC invocations=14 (full 3):
 PSYoungGen      total 162304K, used 12853K [0x00000000e0000000, 0x00000000eb780000, 0x0000000100000000)
  eden space 147456K, 0% used [0x00000000e0000000,0x00000000e0000000,0x00000000e9000000)
  from space 14848K, 86% used [0x00000000e9a80000,0x00000000ea70d6b8,0x00000000ea900000)
  to   space 11776K, 0% used [0x00000000eac00000,0x00000000eac00000,0x00000000eb780000)
 ParOldGen       total 82944K, used 27547K [0x00000000a0000000, 0x00000000a5100000, 0x00000000e0000000)
  object space 82944K, 33% used [0x00000000a0000000,0x00000000a1ae6d98,0x00000000a5100000)
 Metaspace       used 55076K, capacity 56732K, committed 56832K, reserved 1101824K
  class space    used 7755K, capacity 8155K, committed 8192K, reserved 1048576K
Event: 16.489 GC heap after
Heap after GC invocations=14 (full 3):
 PSYoungGen      total 162304K, used 0K [0x00000000e0000000, 0x00000000eb780000, 0x0000000100000000)
  eden space 147456K, 0% used [0x00000000e0000000,0x00000000e0000000,0x00000000e9000000)
  from space 14848K, 0% used [0x00000000e9a80000,0x00000000e9a80000,0x00000000ea900000)
  to   space 11776K, 0% used [0x00000000eac00000,0x00000000eac00000,0x00000000eb780000)
 ParOldGen       total 82944K, used 33051K [0x00000000a0000000, 0x00000000a5100000, 0x00000000e0000000)
  object space 82944K, 39% used [0x00000000a0000000,0x00000000a2046ef0,0x00000000a5100000)
 Metaspace       used 55076K, capacity 56732K, committed 56832K, reserved 1099776K
  class space    used 7755K, capacity 8155K, committed 8192K, reserved 1048576K
}

