# JRE version: Java(TM) SE Runtime Environment (8.0_131-b11) (build 1.8.0_131-b11)
# Java VM: Java HotSpot(TM) 64-Bit Server VM (25.131-b11 mixed mode windows-amd64 compressed oops)
Heap:
 PSYoungGen      total 209920K, used 139604K [0x00000000e0000000, 0x00000000eea00000, 0x0000000100000000)
  eden space 189952K, 62% used [0x00000000e0000000,0x00000000e74d5b98,0x00000000eb980000)
  from space 19968K, 99% used [0x00000000ed680000,0x00000000ee9ff7e8,0x00000000eea00000)
  to   space 23552K, 0% used [0x00000000ebc00000,0x00000000ebc00000,0x00000000ed300000)
 ParOldGen       total 131584K, used 40225K [0x00000000a0000000, 0x00000000a8080000, 0x00000000e0000000)
  object space 131584K, 30% used [0x00000000a0000000,0x00000000a2748550,0x00000000a8080000)
 Metaspace       used 68153K, capacity 71126K, committed 71296K, reserved 1110016K
  class space    used 9705K, capacity 10277K, committed 10368K, reserved 1048576K
GC Heap History (10 events):
Event: 18.027 GC heap before
{Heap before GC invocations=11 (full 2):
 PSYoungGen      total 127488K, used 10112K [0x00000000e0000000, 0x00000000ebb80000, 0x0000000100000000)
  eden space 115712K, 0% used [0x00000000e0000000,0x00000000e0000000,0x00000000e7100000)
  from space 11776K, 85% used [0x00000000e7100000,0x00000000e7ae0348,0x00000000e7c80000)
  to   space 12288K, 0% used [0x00000000eaf80000,0x00000000eaf80000,0x00000000ebb80000)
 ParOldGen       total 55296K, used 9213K [0x00000000a0000000, 0x00000000a3600000, 0x00000000e0000000)
  object space 55296K, 16% used [0x00000000a0000000,0x00000000a08ff4b0,0x00000000a3600000)
 Metaspace       used 34546K, capacity 35356K, committed 35416K, reserved 1079296K
  class space    used 4848K, capacity 5061K, committed 5120K, reserved 1048576K
Event: 18.096 GC heap after
Heap after GC invocations=11 (full 2):
 PSYoungGen      total 127488K, used 0K [0x00000000e0000000, 0x00000000ebb80000, 0x0000000100000000)
  eden space 115712K, 0% used [0x00000000e0000000,0x00000000e0000000,0x00000000e7100000)
  from space 11776K, 0% used [0x00000000e7100000,0x00000000e7100000,0x00000000e7c80000)
  to   space 12288K, 0% used [0x00000000eaf80000,0x00000000eaf80000,0x00000000ebb80000)
 ParOldGen       total 82432K, used 17027K [0x00000000a0000000, 0x00000000a5080000, 0x00000000e0000000)
  object space 82432K, 20% used [0x00000000a0000000,0x00000000a10a0de0,0x00000000a5080000)
 Metaspace       used 34524K, capacity 35284K, committed 35416K, reserved 1079296K
  class space    used 4842K, capacity 5049K, committed 5120K, reserved 1048576K
}
Event: 21.028 GC heap before
{Heap before GC invocations=12 (full 2):
 PSYoungGen      total 127488K, used 115712K [0x00000000e0000000, 0x00000000ebb80000, 0x0000000100000000)
  eden space 115712K, 100% used [0x00000000e0000000,0x00000000e7100000,0x00000000e7100000)
  from space 11776K, 0% used [0x00000000e7100000,0x00000000e7100000,0x00000000e7c80000)
  to   space 12288K, 0% used [0x00000000eaf80000,0x00000000eaf80000,0x00000000ebb80000)
 ParOldGen       total 82432K, used 17027K [0x00000000a0000000, 0x00000000a5080000, 0x00000000e0000000)
  object space 82432K, 20% used [0x00000000a0000000,0x00000000a10a0de0,0x00000000a5080000)
 Metaspace       used 47163K, capacity 48380K, committed 48512K, reserved 1091584K
  class space    used 6425K, capacity 6690K, committed 6784K, reserved 1048576K
Event: 21.052 GC heap after
Heap after GC invocations=12 (full 2):
 PSYoungGen      total 164352K, used 12283K [0x00000000e0000000, 0x00000000ebb80000, 0x0000000100000000)
  eden space 152064K, 0% used [0x00000000e0000000,0x00000000e0000000,0x00000000e9480000)
  from space 12288K, 99% used [0x00000000eaf80000,0x00000000ebb7eca8,0x00000000ebb80000)
  to   space 14848K, 0% used [0x00000000e9e80000,0x00000000e9e80000,0x00000000ead00000)
 ParOldGen       total 82432K, used 20296K [0x00000000a0000000, 0x00000000a5080000, 0x00000000e0000000)
  object space 82432K, 24% used [0x00000000a0000000,0x00000000a13d2190,0x00000000a5080000)
 Metaspace       used 47163K, capacity 48380K, committed 48512K, reserved 1091584K
  class space    used 6425K, capacity 6690K, committed 6784K, reserved 1048576K
}
Event: 24.383 GC heap before
{Heap before GC invocations=13 (full 2):
 PSYoungGen      total 164352K, used 155067K [0x00000000e0000000, 0x00000000ebb80000, 0x0000000100000000)
  eden space 152064K, 93% used [0x00000000e0000000,0x00000000e8b702c0,0x00000000e9480000)
  from space 12288K, 99% used [0x00000000eaf80000,0x00000000ebb7eca8,0x00000000ebb80000)
  to   space 14848K, 0% used [0x00000000e9e80000,0x00000000e9e80000,0x00000000ead00000)
 ParOldGen       total 82432K, used 20296K [0x00000000a0000000, 0x00000000a5080000, 0x00000000e0000000)
  object space 82432K, 24% used [0x00000000a0000000,0x00000000a13d2190,0x00000000a5080000)
 Metaspace       used 56976K, capacity 58948K, committed 59028K, reserved 1099776K
  class space    used 8053K, capacity 8496K, committed 8576K, reserved 1048576K
Event: 24.415 GC heap after
Heap after GC invocations=13 (full 2):
 PSYoungGen      total 177152K, used 14829K [0x00000000e0000000, 0x00000000eea00000, 0x0000000100000000)
  eden space 162304K, 0% used [0x00000000e0000000,0x00000000e0000000,0x00000000e9e80000)
  from space 14848K, 99% used [0x00000000e9e80000,0x00000000eacfb6b0,0x00000000ead00000)
  to   space 19968K, 0% used [0x00000000ed680000,0x00000000ed680000,0x00000000eea00000)
 ParOldGen       total 82432K, used 28573K [0x00000000a0000000, 0x00000000a5080000, 0x00000000e0000000)
  object space 82432K, 34% used [0x00000000a0000000,0x00000000a1be7430,0x00000000a5080000)
 Metaspace       used 56976K, capacity 58948K, committed 59028K, reserved 1099776K
  class space    used 8053K, capacity 8496K, committed 8576K, reserved 1048576K
}
Event: 24.415 GC heap before
{Heap before GC invocations=14 (full 3):
 PSYoungGen      total 177152K, used 14829K [0x00000000e0000000, 0x00000000eea00000, 0x0000000100000000)
  eden space 162304K, 0% used [0x00000000e0000000,0x00000000e0000000,0x00000000e9e80000)
  from space 14848K, 99% used [0x00000000e9e80000,0x00000000eacfb6b0,0x00000000ead00000)
  to   space 19968K, 0% used [0x00000000ed680000,0x00000000ed680000,0x00000000eea00000)
 ParOldGen       total 82432K, used 28573K [0x00000000a0000000, 0x00000000a5080000, 0x00000000e0000000)
  object space 82432K, 34% used [0x00000000a0000000,0x00000000a1be7430,0x00000000a5080000)
 Metaspace       used 56976K, capacity 58948K, committed 59028K, reserved 1099776K
  class space    used 8053K, capacity 8496K, committed 8576K, reserved 1048576K
Event: 24.784 GC heap after
Heap after GC invocations=14 (full 3):
 PSYoungGen      total 177152K, used 0K [0x00000000e0000000, 0x00000000eea00000, 0x0000000100000000)
  eden space 162304K, 0% used [0x00000000e0000000,0x00000000e0000000,0x00000000e9e80000)
  from space 14848K, 0% used [0x00000000e9e80000,0x00000000e9e80000,0x00000000ead00000)
  to   space 19968K, 0% used [0x00000000ed680000,0x00000000ed680000,0x00000000eea00000)
 ParOldGen       total 131584K, used 37059K [0x00000000a0000000, 0x00000000a8080000, 0x00000000e0000000)
  object space 131584K, 28% used [0x00000000a0000000,0x00000000a2430dd8,0x00000000a8080000)
 Metaspace       used 56921K, capacity 58790K, committed 59028K, reserved 1099776K
  class space    used 8035K, capacity 8465K, committed 8576K, reserved 1048576K
}
Event: 27.994 GC heap before
{Heap before GC invocations=15 (full 3):
 PSYoungGen      total 177152K, used 162304K [0x00000000e0000000, 0x00000000eea00000, 0x0000000100000000)
  eden space 162304K, 100% used [0x00000000e0000000,0x00000000e9e80000,0x00000000e9e80000)
  from space 14848K, 0% used [0x00000000e9e80000,0x00000000e9e80000,0x00000000ead00000)
  to   space 19968K, 0% used [0x00000000ed680000,0x00000000ed680000,0x00000000eea00000)
 ParOldGen       total 131584K, used 37059K [0x00000000a0000000, 0x00000000a8080000, 0x00000000e0000000)
  object space 131584K, 28% used [0x00000000a0000000,0x00000000a2430dd8,0x00000000a8080000)
 Metaspace       used 63551K, capacity 66360K, committed 66560K, reserved 1105920K
  class space    used 9127K, capacity 9710K, committed 9728K, reserved 1048576K
Event: 28.025 GC heap after
Heap after GC invocations=15 (full 3):
 PSYoungGen      total 209920K, used 19965K [0x00000000e0000000, 0x00000000eea00000, 0x0000000100000000)
  eden space 189952K, 0% used [0x00000000e0000000,0x00000000e0000000,0x00000000eb980000)
  from space 19968K, 99% used [0x00000000ed680000,0x00000000ee9ff7e8,0x00000000eea00000)
  to   space 23552K, 0% used [0x00000000ebc00000,0x00000000ebc00000,0x00000000ed300000)
 ParOldGen       total 131584K, used 40225K [0x00000000a0000000, 0x00000000a8080000, 0x00000000e0000000)
  object space 131584K, 30% used [0x00000000a0000000,0x00000000a2748550,0x00000000a8080000)
 Metaspace       used 63551K, capacity 66360K, committed 66560K, reserved 1105920K
  class space    used 9127K, capacity 9710K, committed 9728K, reserved 1048576K
}

