# JRE version: Java(TM) SE Runtime Environment (8.0_131-b11) (build 1.8.0_131-b11)
# Java VM: Java HotSpot(TM) 64-Bit Server VM (25.131-b11 mixed mode windows-amd64 compressed oops)
Heap:
 PSYoungGen      total 334848K, used 51563K [0x00000000e0000000, 0x00000000f6500000, 0x0000000100000000)
  eden space 312320K, 14% used [0x00000000e0000000,0x00000000e2d7eca0,0x00000000f3100000)
  from space 22528K, 22% used [0x00000000f4f00000,0x00000000f53dc070,0x00000000f6500000)
  to   space 26624K, 0% used [0x00000000f3100000,0x00000000f3100000,0x00000000f4b00000)
 ParOldGen       total 137216K, used 66846K [0x00000000a0000000, 0x00000000a8600000, 0x00000000e0000000)
  object space 137216K, 48% used [0x00000000a0000000,0x00000000a4147920,0x00000000a8600000)
 Metaspace       used 94700K, capacity 98976K, committed 100352K, reserved 1136640K
  class space    used 12629K, capacity 13517K, committed 13824K, reserved 1048576K
GC Heap History (10 events):
Event: 323.627 GC heap before
{Heap before GC invocations=24 (full 4):
 PSYoungGen      total 258560K, used 228864K [0x00000000e0000000, 0x00000000f4480000, 0x0000000100000000)
  eden space 228864K, 100% used [0x00000000e0000000,0x00000000edf80000,0x00000000edf80000)
  from space 29696K, 0% used [0x00000000edf80000,0x00000000edf80000,0x00000000efc80000)
  to   space 30720K, 0% used [0x00000000f2680000,0x00000000f2680000,0x00000000f4480000)
 ParOldGen       total 137216K, used 66830K [0x00000000a0000000, 0x00000000a8600000, 0x00000000e0000000)
  object space 137216K, 48% used [0x00000000a0000000,0x00000000a4143920,0x00000000a8600000)
 Metaspace       used 93449K, capacity 97626K, committed 99116K, reserved 1134592K
  class space    used 12533K, capacity 13382K, committed 13696K, reserved 1048576K
Event: 323.662 GC heap after
Heap after GC invocations=24 (full 4):
 PSYoungGen      total 302592K, used 10420K [0x00000000e0000000, 0x00000000f4680000, 0x0000000100000000)
  eden space 271872K, 0% used [0x00000000e0000000,0x00000000e0000000,0x00000000f0980000)
  from space 30720K, 33% used [0x00000000f2680000,0x00000000f30ad2e8,0x00000000f4480000)
  to   space 29696K, 0% used [0x00000000f0980000,0x00000000f0980000,0x00000000f2680000)
 ParOldGen       total 137216K, used 66838K [0x00000000a0000000, 0x00000000a8600000, 0x00000000e0000000)
  object space 137216K, 48% used [0x00000000a0000000,0x00000000a4145920,0x00000000a8600000)
 Metaspace       used 93449K, capacity 97626K, committed 99116K, reserved 1134592K
  class space    used 12533K, capacity 13382K, committed 13696K, reserved 1048576K
}
Event: 325.700 GC heap before
{Heap before GC invocations=25 (full 4):
 PSYoungGen      total 302592K, used 282292K [0x00000000e0000000, 0x00000000f4680000, 0x0000000100000000)
  eden space 271872K, 100% used [0x00000000e0000000,0x00000000f0980000,0x00000000f0980000)
  from space 30720K, 33% used [0x00000000f2680000,0x00000000f30ad2e8,0x00000000f4480000)
  to   space 29696K, 0% used [0x00000000f0980000,0x00000000f0980000,0x00000000f2680000)
 ParOldGen       total 137216K, used 66838K [0x00000000a0000000, 0x00000000a8600000, 0x00000000e0000000)
  object space 137216K, 48% used [0x00000000a0000000,0x00000000a4145920,0x00000000a8600000)
 Metaspace       used 94179K, capacity 98436K, committed 99756K, reserved 1134592K
  class space    used 12616K, capacity 13481K, committed 13824K, reserved 1048576K
Event: 325.725 GC heap after
Heap after GC invocations=25 (full 4):
 PSYoungGen      total 301568K, used 15262K [0x00000000e0000000, 0x00000000f4680000, 0x0000000100000000)
  eden space 271872K, 0% used [0x00000000e0000000,0x00000000e0000000,0x00000000f0980000)
  from space 29696K, 51% used [0x00000000f0980000,0x00000000f1867ad0,0x00000000f2680000)
  to   space 30720K, 0% used [0x00000000f2680000,0x00000000f2680000,0x00000000f4480000)
 ParOldGen       total 137216K, used 66846K [0x00000000a0000000, 0x00000000a8600000, 0x00000000e0000000)
  object space 137216K, 48% used [0x00000000a0000000,0x00000000a4147920,0x00000000a8600000)
 Metaspace       used 94179K, capacity 98436K, committed 99756K, reserved 1134592K
  class space    used 12616K, capacity 13481K, committed 13824K, reserved 1048576K
}
Event: 327.583 GC heap before
{Heap before GC invocations=26 (full 4):
 PSYoungGen      total 301568K, used 287134K [0x00000000e0000000, 0x00000000f4680000, 0x0000000100000000)
  eden space 271872K, 100% used [0x00000000e0000000,0x00000000f0980000,0x00000000f0980000)
  from space 29696K, 51% used [0x00000000f0980000,0x00000000f1867ad0,0x00000000f2680000)
  to   space 30720K, 0% used [0x00000000f2680000,0x00000000f2680000,0x00000000f4480000)
 ParOldGen       total 137216K, used 66846K [0x00000000a0000000, 0x00000000a8600000, 0x00000000e0000000)
  object space 137216K, 48% used [0x00000000a0000000,0x00000000a4147920,0x00000000a8600000)
 Metaspace       used 94269K, capacity 98574K, committed 99840K, reserved 1134592K
  class space    used 12617K, capacity 13482K, committed 13824K, reserved 1048576K
Event: 327.615 GC heap after
Heap after GC invocations=26 (full 4):
 PSYoungGen      total 302592K, used 11547K [0x00000000e0000000, 0x00000000f4680000, 0x0000000100000000)
  eden space 271872K, 0% used [0x00000000e0000000,0x00000000e0000000,0x00000000f0980000)
  from space 30720K, 37% used [0x00000000f2680000,0x00000000f31c6df8,0x00000000f4480000)
  to   space 29696K, 0% used [0x00000000f0980000,0x00000000f0980000,0x00000000f2680000)
 ParOldGen       total 137216K, used 66846K [0x00000000a0000000, 0x00000000a8600000, 0x00000000e0000000)
  object space 137216K, 48% used [0x00000000a0000000,0x00000000a4147920,0x00000000a8600000)
 Metaspace       used 94269K, capacity 98574K, committed 99840K, reserved 1134592K
  class space    used 12617K, capacity 13482K, committed 13824K, reserved 1048576K
}
Event: 329.460 GC heap before
{Heap before GC invocations=27 (full 4):
 PSYoungGen      total 302592K, used 283419K [0x00000000e0000000, 0x00000000f4680000, 0x0000000100000000)
  eden space 271872K, 100% used [0x00000000e0000000,0x00000000f0980000,0x00000000f0980000)
  from space 30720K, 37% used [0x00000000f2680000,0x00000000f31c6df8,0x00000000f4480000)
  to   space 29696K, 0% used [0x00000000f0980000,0x00000000f0980000,0x00000000f2680000)
 ParOldGen       total 137216K, used 66846K [0x00000000a0000000, 0x00000000a8600000, 0x00000000e0000000)
  object space 137216K, 48% used [0x00000000a0000000,0x00000000a4147920,0x00000000a8600000)
 Metaspace       used 94311K, capacity 98580K, committed 99840K, reserved 1134592K
  class space    used 12619K, capacity 13483K, committed 13824K, reserved 1048576K
Event: 329.478 GC heap after
Heap after GC invocations=27 (full 4):
 PSYoungGen      total 301568K, used 12946K [0x00000000e0000000, 0x00000000f6880000, 0x0000000100000000)
  eden space 271872K, 0% used [0x00000000e0000000,0x00000000e0000000,0x00000000f0980000)
  from space 29696K, 43% used [0x00000000f0980000,0x00000000f1624a30,0x00000000f2680000)
  to   space 26112K, 0% used [0x00000000f4f00000,0x00000000f4f00000,0x00000000f6880000)
 ParOldGen       total 137216K, used 66846K [0x00000000a0000000, 0x00000000a8600000, 0x00000000e0000000)
  object space 137216K, 48% used [0x00000000a0000000,0x00000000a4147920,0x00000000a8600000)
 Metaspace       used 94311K, capacity 98580K, committed 99840K, reserved 1134592K
  class space    used 12619K, capacity 13483K, committed 13824K, reserved 1048576K
}
Event: 332.279 GC heap before
{Heap before GC invocations=28 (full 4):
 PSYoungGen      total 301568K, used 284818K [0x00000000e0000000, 0x00000000f6880000, 0x0000000100000000)
  eden space 271872K, 100% used [0x00000000e0000000,0x00000000f0980000,0x00000000f0980000)
  from space 29696K, 43% used [0x00000000f0980000,0x00000000f1624a30,0x00000000f2680000)
  to   space 26112K, 0% used [0x00000000f4f00000,0x00000000f4f00000,0x00000000f6880000)
 ParOldGen       total 137216K, used 66846K [0x00000000a0000000, 0x00000000a8600000, 0x00000000e0000000)
  object space 137216K, 48% used [0x00000000a0000000,0x00000000a4147920,0x00000000a8600000)
 Metaspace       used 94527K, capacity 98816K, committed 100096K, reserved 1136640K
  class space    used 12628K, capacity 13515K, committed 13824K, reserved 1048576K
Event: 332.295 GC heap after
Heap after GC invocations=28 (full 4):
 PSYoungGen      total 334848K, used 4976K [0x00000000e0000000, 0x00000000f6500000, 0x0000000100000000)
  eden space 312320K, 0% used [0x00000000e0000000,0x00000000e0000000,0x00000000f3100000)
  from space 22528K, 22% used [0x00000000f4f00000,0x00000000f53dc070,0x00000000f6500000)
  to   space 26624K, 0% used [0x00000000f3100000,0x00000000f3100000,0x00000000f4b00000)
 ParOldGen       total 137216K, used 66846K [0x00000000a0000000, 0x00000000a8600000, 0x00000000e0000000)
  object space 137216K, 48% used [0x00000000a0000000,0x00000000a4147920,0x00000000a8600000)
 Metaspace       used 94527K, capacity 98816K, committed 100096K, reserved 1136640K
  class space    used 12628K, capacity 13515K, committed 13824K, reserved 1048576K
}

