# JRE version: Java(TM) SE Runtime Environment (8.0_131-b11) (build 1.8.0_131-b11)
# Java VM: Java HotSpot(TM) 64-Bit Server VM (25.131-b11 mixed mode windows-amd64 compressed oops)
Heap:
 PSYoungGen      total 153600K, used 93642K [0x00000000e0000000, 0x00000000eae00000, 0x0000000100000000)
  eden space 137728K, 67% used [0x00000000e0000000,0x00000000e5b72a20,0x00000000e8680000)
  from space 15872K, 0% used [0x00000000e9580000,0x00000000e9580000,0x00000000ea500000)
  to   space 15360K, 0% used [0x00000000e8680000,0x00000000e8680000,0x00000000e9580000)
 ParOldGen       total 83968K, used 33503K [0x00000000a0000000, 0x00000000a5200000, 0x00000000e0000000)
  object space 83968K, 39% used [0x00000000a0000000,0x00000000a20b7fe8,0x00000000a5200000)
 Metaspace       used 59871K, capacity 62062K, committed 62208K, reserved 1101824K
  class space    used 8440K, capacity 8942K, committed 8960K, reserved 1048576K
GC Heap History (10 events):
Event: 16.208 GC heap before
{Heap before GC invocations=13 (full 2):
 PSYoungGen      total 89088K, used 1971K [0x00000000e0000000, 0x00000000e8480000, 0x0000000100000000)
  eden space 78848K, 0% used [0x00000000e0000000,0x00000000e0000000,0x00000000e4d00000)
  from space 10240K, 19% used [0x00000000e4d00000,0x00000000e4eecdf0,0x00000000e5700000)
  to   space 10752K, 0% used [0x00000000e7a00000,0x00000000e7a00000,0x00000000e8480000)
 ParOldGen       total 57344K, used 15567K [0x00000000a0000000, 0x00000000a3800000, 0x00000000e0000000)
  object space 57344K, 27% used [0x00000000a0000000,0x00000000a0f33c60,0x00000000a3800000)
 Metaspace       used 34551K, capacity 35386K, committed 35416K, reserved 1079296K
  class space    used 4856K, capacity 5093K, committed 5120K, reserved 1048576K
Event: 16.283 GC heap after
Heap after GC invocations=13 (full 2):
 PSYoungGen      total 89088K, used 0K [0x00000000e0000000, 0x00000000e8480000, 0x0000000100000000)
  eden space 78848K, 0% used [0x00000000e0000000,0x00000000e0000000,0x00000000e4d00000)
  from space 10240K, 0% used [0x00000000e4d00000,0x00000000e4d00000,0x00000000e5700000)
  to   space 10752K, 0% used [0x00000000e7a00000,0x00000000e7a00000,0x00000000e8480000)
 ParOldGen       total 83968K, used 15297K [0x00000000a0000000, 0x00000000a5200000, 0x00000000e0000000)
  object space 83968K, 18% used [0x00000000a0000000,0x00000000a0ef0598,0x00000000a5200000)
 Metaspace       used 34532K, capacity 35326K, committed 35416K, reserved 1079296K
  class space    used 4850K, capacity 5083K, committed 5120K, reserved 1048576K
}
Event: 18.128 GC heap before
{Heap before GC invocations=14 (full 2):
 PSYoungGen      total 89088K, used 78848K [0x00000000e0000000, 0x00000000e8480000, 0x0000000100000000)
  eden space 78848K, 100% used [0x00000000e0000000,0x00000000e4d00000,0x00000000e4d00000)
  from space 10240K, 0% used [0x00000000e4d00000,0x00000000e4d00000,0x00000000e5700000)
  to   space 10752K, 0% used [0x00000000e7a00000,0x00000000e7a00000,0x00000000e8480000)
 ParOldGen       total 83968K, used 15297K [0x00000000a0000000, 0x00000000a5200000, 0x00000000e0000000)
  object space 83968K, 18% used [0x00000000a0000000,0x00000000a0ef0598,0x00000000a5200000)
 Metaspace       used 43061K, capacity 44194K, committed 44416K, reserved 1087488K
  class space    used 5954K, capacity 6181K, committed 6272K, reserved 1048576K
Event: 18.148 GC heap after
Heap after GC invocations=14 (full 2):
 PSYoungGen      total 115200K, used 10740K [0x00000000e0000000, 0x00000000e8480000, 0x0000000100000000)
  eden space 104448K, 0% used [0x00000000e0000000,0x00000000e0000000,0x00000000e6600000)
  from space 10752K, 99% used [0x00000000e7a00000,0x00000000e847d3b0,0x00000000e8480000)
  to   space 12288K, 0% used [0x00000000e6c80000,0x00000000e6c80000,0x00000000e7880000)
 ParOldGen       total 83968K, used 15531K [0x00000000a0000000, 0x00000000a5200000, 0x00000000e0000000)
  object space 83968K, 18% used [0x00000000a0000000,0x00000000a0f2af80,0x00000000a5200000)
 Metaspace       used 43061K, capacity 44194K, committed 44416K, reserved 1087488K
  class space    used 5954K, capacity 6181K, committed 6272K, reserved 1048576K
}
Event: 20.847 GC heap before
{Heap before GC invocations=15 (full 2):
 PSYoungGen      total 115200K, used 115188K [0x00000000e0000000, 0x00000000e8480000, 0x0000000100000000)
  eden space 104448K, 100% used [0x00000000e0000000,0x00000000e6600000,0x00000000e6600000)
  from space 10752K, 99% used [0x00000000e7a00000,0x00000000e847d3b0,0x00000000e8480000)
  to   space 12288K, 0% used [0x00000000e6c80000,0x00000000e6c80000,0x00000000e7880000)
 ParOldGen       total 83968K, used 15531K [0x00000000a0000000, 0x00000000a5200000, 0x00000000e0000000)
  object space 83968K, 18% used [0x00000000a0000000,0x00000000a0f2af80,0x00000000a5200000)
 Metaspace       used 52136K, capacity 53768K, committed 54016K, reserved 1095680K
  class space    used 7300K, capacity 7671K, committed 7680K, reserved 1048576K
Event: 20.871 GC heap after
Heap after GC invocations=15 (full 2):
 PSYoungGen      total 123392K, used 12269K [0x00000000e0000000, 0x00000000ea500000, 0x0000000100000000)
  eden space 111104K, 0% used [0x00000000e0000000,0x00000000e0000000,0x00000000e6c80000)
  from space 12288K, 99% used [0x00000000e6c80000,0x00000000e787b4e0,0x00000000e7880000)
  to   space 15872K, 0% used [0x00000000e9580000,0x00000000e9580000,0x00000000ea500000)
 ParOldGen       total 83968K, used 21007K [0x00000000a0000000, 0x00000000a5200000, 0x00000000e0000000)
  object space 83968K, 25% used [0x00000000a0000000,0x00000000a1483c48,0x00000000a5200000)
 Metaspace       used 52136K, capacity 53768K, committed 54016K, reserved 1095680K
  class space    used 7300K, capacity 7671K, committed 7680K, reserved 1048576K
}
Event: 23.108 GC heap before
{Heap before GC invocations=16 (full 2):
 PSYoungGen      total 123392K, used 87388K [0x00000000e0000000, 0x00000000ea500000, 0x0000000100000000)
  eden space 111104K, 67% used [0x00000000e0000000,0x00000000e495bdd8,0x00000000e6c80000)
  from space 12288K, 99% used [0x00000000e6c80000,0x00000000e787b4e0,0x00000000e7880000)
  to   space 15872K, 0% used [0x00000000e9580000,0x00000000e9580000,0x00000000ea500000)
 ParOldGen       total 83968K, used 21007K [0x00000000a0000000, 0x00000000a5200000, 0x00000000e0000000)
  object space 83968K, 25% used [0x00000000a0000000,0x00000000a1483c48,0x00000000a5200000)
 Metaspace       used 57040K, capacity 58886K, committed 59008K, reserved 1099776K
  class space    used 8063K, capacity 8480K, committed 8576K, reserved 1048576K
Event: 23.145 GC heap after
Heap after GC invocations=16 (full 2):
 PSYoungGen      total 153600K, used 8296K [0x00000000e0000000, 0x00000000eae00000, 0x0000000100000000)
  eden space 137728K, 0% used [0x00000000e0000000,0x00000000e0000000,0x00000000e8680000)
  from space 15872K, 52% used [0x00000000e9580000,0x00000000e9d9a050,0x00000000ea500000)
  to   space 15360K, 0% used [0x00000000e8680000,0x00000000e8680000,0x00000000e9580000)
 ParOldGen       total 83968K, used 26994K [0x00000000a0000000, 0x00000000a5200000, 0x00000000e0000000)
  object space 83968K, 32% used [0x00000000a0000000,0x00000000a1a5ca18,0x00000000a5200000)
 Metaspace       used 57040K, capacity 58886K, committed 59008K, reserved 1099776K
  class space    used 8063K, capacity 8480K, committed 8576K, reserved 1048576K
}
Event: 23.145 GC heap before
{Heap before GC invocations=17 (full 3):
 PSYoungGen      total 153600K, used 8296K [0x00000000e0000000, 0x00000000eae00000, 0x0000000100000000)
  eden space 137728K, 0% used [0x00000000e0000000,0x00000000e0000000,0x00000000e8680000)
  from space 15872K, 52% used [0x00000000e9580000,0x00000000e9d9a050,0x00000000ea500000)
  to   space 15360K, 0% used [0x00000000e8680000,0x00000000e8680000,0x00000000e9580000)
 ParOldGen       total 83968K, used 26994K [0x00000000a0000000, 0x00000000a5200000, 0x00000000e0000000)
  object space 83968K, 32% used [0x00000000a0000000,0x00000000a1a5ca18,0x00000000a5200000)
 Metaspace       used 57040K, capacity 58886K, committed 59008K, reserved 1099776K
  class space    used 8063K, capacity 8480K, committed 8576K, reserved 1048576K
Event: 23.739 GC heap after
Heap after GC invocations=17 (full 3):
 PSYoungGen      total 153600K, used 0K [0x00000000e0000000, 0x00000000eae00000, 0x0000000100000000)
  eden space 137728K, 0% used [0x00000000e0000000,0x00000000e0000000,0x00000000e8680000)
  from space 15872K, 0% used [0x00000000e9580000,0x00000000e9580000,0x00000000ea500000)
  to   space 15360K, 0% used [0x00000000e8680000,0x00000000e8680000,0x00000000e9580000)
 ParOldGen       total 83968K, used 33503K [0x00000000a0000000, 0x00000000a5200000, 0x00000000e0000000)
  object space 83968K, 39% used [0x00000000a0000000,0x00000000a20b7fe8,0x00000000a5200000)
 Metaspace       used 56999K, capacity 58780K, committed 59008K, reserved 1099776K
  class space    used 8052K, capacity 8461K, committed 8576K, reserved 1048576K
}

